<?xml version="1.0" encoding="UTF-8"?>
<!-- Generated by org.testng.reporters.JUnitReportReporter -->
<testsuite hostname="dabudidabuday-HP-Beeline" name="kz.beeline.test.testcases.RegistrationTest" tests="6" failures="0" timestamp="25 Jun 2019 03:55:28 GMT" time="63.643" errors="0">
  <testcase name="test" time="8.343" classname="kz.beeline.test.testcases.RegistrationTest"/>
  <testcase name="test" time="12.262" classname="kz.beeline.test.testcases.RegistrationTest"/>
  <testcase name="test" time="7.773" classname="kz.beeline.test.testcases.RegistrationTest"/>
  <testcase name="test" time="14.917" classname="kz.beeline.test.testcases.RegistrationTest"/>
  <testcase name="test" time="13.506" classname="kz.beeline.test.testcases.RegistrationTest"/>
  <testcase name="test" time="6.842" classname="kz.beeline.test.testcases.RegistrationTest"/>
</testsuite> <!-- kz.beeline.test.testcases.RegistrationTest -->
