<?xml version="1.0" encoding="UTF-8"?>
<!-- Generated by org.testng.reporters.JUnitReportReporter -->
<testsuite hostname="dabudidabuday-HP-Beeline" name="kz.beeline.test.testcases.BrokenLinksTest" tests="3" failures="0" timestamp="25 Jun 2019 03:55:28 GMT" time="71.607" errors="0">
  <testcase name="brokenLinkTest" time="23.606" classname="kz.beeline.test.testcases.BrokenLinksTest"/>
  <testcase name="brokenLinkTest" time="24.022" classname="kz.beeline.test.testcases.BrokenLinksTest"/>
  <testcase name="brokenLinkTest" time="23.979" classname="kz.beeline.test.testcases.BrokenLinksTest"/>
</testsuite> <!-- kz.beeline.test.testcases.BrokenLinksTest -->
